1756092524.509673 client started (9960): version 3.5a, socket /private/tmp/tmux-501/default, protocol 8
1756092524.509734 on Darwin 24.6.0 Darwin Kernel Version 24.6.0: Mon Jul 14 11:30:40 PDT 2025; root:xnu-11417.140.69~1/RELEASE_ARM64_T8132
1756092524.509748 using libevent 2.1.12-stable select
1756092524.510585 using utf8proc 2.10.0
1756092524.510596 using ncurses 6.5 20240427
1756092524.510616 flags are 0x10010000
1756092524.510623 socket is /private/tmp/tmux-501/default
1756092524.510638 trying connect
1756092524.510683 add peer 0x138048000: 6 (0x0)
1756092524.513264 sending message 111 to peer 0x138048000 (8 bytes)
1756092524.513305 sending message 111 to peer 0x138048000 (8 bytes)
1756092524.513313 sending message 101 to peer 0x138048000 (14 bytes)
1756092524.513320 sending message 109 to peer 0x138048000 (4 bytes)
1756092524.513326 sending message 102 to peer 0x138048000 (13 bytes)
1756092524.513332 sending message 108 to peer 0x138048000 (21 bytes)
1756092524.513338 sending message 112 to peer 0x138048000 (70 bytes)
1756092524.513343 sending message 112 to peer 0x138048000 (5 bytes)
1756092524.513350 sending message 112 to peer 0x138048000 (5 bytes)
1756092524.513355 sending message 112 to peer 0x138048000 (6 bytes)
1756092524.513361 sending message 112 to peer 0x138048000 (6 bytes)
1756092524.513366 sending message 112 to peer 0x138048000 (11 bytes)
1756092524.513372 sending message 112 to peer 0x138048000 (10 bytes)
1756092524.513378 sending message 112 to peer 0x138048000 (13 bytes)
1756092524.513384 sending message 112 to peer 0x138048000 (13 bytes)
1756092524.513389 sending message 112 to peer 0x138048000 (18 bytes)
1756092524.513395 sending message 112 to peer 0x138048000 (11 bytes)
1756092524.513400 sending message 112 to peer 0x138048000 (10 bytes)
1756092524.513405 sending message 112 to peer 0x138048000 (15 bytes)
1756092524.513411 sending message 112 to peer 0x138048000 (21 bytes)
1756092524.513417 sending message 112 to peer 0x138048000 (13 bytes)
1756092524.513422 sending message 112 to peer 0x138048000 (7 bytes)
1756092524.513428 sending message 112 to peer 0x138048000 (13 bytes)
1756092524.513434 sending message 112 to peer 0x138048000 (7 bytes)
1756092524.513439 sending message 112 to peer 0x138048000 (13 bytes)
1756092524.513445 sending message 112 to peer 0x138048000 (9 bytes)
1756092524.513450 sending message 112 to peer 0x138048000 (21 bytes)
1756092524.513456 sending message 112 to peer 0x138048000 (13 bytes)
1756092524.513461 sending message 112 to peer 0x138048000 (8 bytes)
1756092524.513467 sending message 112 to peer 0x138048000 (12 bytes)
1756092524.513473 sending message 112 to peer 0x138048000 (13 bytes)
1756092524.513478 sending message 112 to peer 0x138048000 (9 bytes)
1756092524.513484 sending message 112 to peer 0x138048000 (9 bytes)
1756092524.513489 sending message 112 to peer 0x138048000 (12 bytes)
1756092524.513495 sending message 112 to peer 0x138048000 (8 bytes)
1756092524.513500 sending message 112 to peer 0x138048000 (8 bytes)
1756092524.513506 sending message 112 to peer 0x138048000 (7 bytes)
1756092524.513512 sending message 112 to peer 0x138048000 (7 bytes)
1756092524.513517 sending message 112 to peer 0x138048000 (9 bytes)
1756092524.513523 sending message 112 to peer 0x138048000 (13 bytes)
1756092524.513528 sending message 112 to peer 0x138048000 (6 bytes)
1756092524.513534 sending message 112 to peer 0x138048000 (9 bytes)
1756092524.513539 sending message 112 to peer 0x138048000 (15 bytes)
1756092524.513545 sending message 112 to peer 0x138048000 (13 bytes)
1756092524.513550 sending message 112 to peer 0x138048000 (12 bytes)
1756092524.513556 sending message 112 to peer 0x138048000 (8 bytes)
1756092524.513561 sending message 112 to peer 0x138048000 (14 bytes)
1756092524.513567 sending message 112 to peer 0x138048000 (11 bytes)
1756092524.513572 sending message 112 to peer 0x138048000 (9 bytes)
1756092524.513578 sending message 112 to peer 0x138048000 (10 bytes)
1756092524.513583 sending message 112 to peer 0x138048000 (10 bytes)
1756092524.513588 sending message 112 to peer 0x138048000 (10 bytes)
1756092524.513617 sending message 112 to peer 0x138048000 (10 bytes)
1756092524.513622 sending message 112 to peer 0x138048000 (11 bytes)
1756092524.513627 sending message 112 to peer 0x138048000 (12 bytes)
1756092524.513631 sending message 112 to peer 0x138048000 (12 bytes)
1756092524.513635 sending message 112 to peer 0x138048000 (12 bytes)
1756092524.513639 sending message 112 to peer 0x138048000 (12 bytes)
1756092524.513644 sending message 112 to peer 0x138048000 (12 bytes)
1756092524.513648 sending message 112 to peer 0x138048000 (11 bytes)
1756092524.513652 sending message 112 to peer 0x138048000 (11 bytes)
1756092524.513656 sending message 112 to peer 0x138048000 (12 bytes)
1756092524.513660 sending message 112 to peer 0x138048000 (12 bytes)
1756092524.513664 sending message 112 to peer 0x138048000 (12 bytes)
1756092524.513668 sending message 112 to peer 0x138048000 (12 bytes)
1756092524.513673 sending message 112 to peer 0x138048000 (12 bytes)
1756092524.513677 sending message 112 to peer 0x138048000 (10 bytes)
1756092524.513681 sending message 112 to peer 0x138048000 (12 bytes)
1756092524.513685 sending message 112 to peer 0x138048000 (13 bytes)
1756092524.513689 sending message 112 to peer 0x138048000 (13 bytes)
1756092524.513693 sending message 112 to peer 0x138048000 (13 bytes)
1756092524.513698 sending message 112 to peer 0x138048000 (13 bytes)
1756092524.513702 sending message 112 to peer 0x138048000 (13 bytes)
1756092524.513706 sending message 112 to peer 0x138048000 (8 bytes)
1756092524.513710 sending message 112 to peer 0x138048000 (11 bytes)
1756092524.513714 sending message 112 to peer 0x138048000 (11 bytes)
1756092524.513718 sending message 112 to peer 0x138048000 (11 bytes)
1756092524.513722 sending message 112 to peer 0x138048000 (12 bytes)
1756092524.513726 sending message 112 to peer 0x138048000 (12 bytes)
1756092524.513730 sending message 112 to peer 0x138048000 (12 bytes)
1756092524.513734 sending message 112 to peer 0x138048000 (12 bytes)
1756092524.513739 sending message 112 to peer 0x138048000 (13 bytes)
1756092524.513743 sending message 112 to peer 0x138048000 (13 bytes)
1756092524.513747 sending message 112 to peer 0x138048000 (13 bytes)
1756092524.513751 sending message 112 to peer 0x138048000 (8 bytes)
1756092524.513755 sending message 112 to peer 0x138048000 (13 bytes)
1756092524.513759 sending message 112 to peer 0x138048000 (13 bytes)
1756092524.513763 sending message 112 to peer 0x138048000 (13 bytes)
1756092524.513768 sending message 112 to peer 0x138048000 (13 bytes)
1756092524.513772 sending message 112 to peer 0x138048000 (13 bytes)
1756092524.513776 sending message 112 to peer 0x138048000 (12 bytes)
1756092524.513780 sending message 112 to peer 0x138048000 (12 bytes)
1756092524.513784 sending message 112 to peer 0x138048000 (12 bytes)
1756092524.513788 sending message 112 to peer 0x138048000 (12 bytes)
1756092524.513792 sending message 112 to peer 0x138048000 (13 bytes)
1756092524.513796 sending message 112 to peer 0x138048000 (8 bytes)
1756092524.513800 sending message 112 to peer 0x138048000 (13 bytes)
1756092524.513804 sending message 112 to peer 0x138048000 (13 bytes)
1756092524.513808 sending message 112 to peer 0x138048000 (13 bytes)
1756092524.513812 sending message 112 to peer 0x138048000 (13 bytes)
1756092524.513816 sending message 112 to peer 0x138048000 (13 bytes)
1756092524.513820 sending message 112 to peer 0x138048000 (13 bytes)
1756092524.513825 sending message 112 to peer 0x138048000 (13 bytes)
1756092524.513830 sending message 112 to peer 0x138048000 (12 bytes)
1756092524.513835 sending message 112 to peer 0x138048000 (12 bytes)
1756092524.513839 sending message 112 to peer 0x138048000 (12 bytes)
1756092524.513843 sending message 112 to peer 0x138048000 (8 bytes)
1756092524.513847 sending message 112 to peer 0x138048000 (12 bytes)
1756092524.513851 sending message 112 to peer 0x138048000 (13 bytes)
1756092524.513855 sending message 112 to peer 0x138048000 (13 bytes)
1756092524.513860 sending message 112 to peer 0x138048000 (13 bytes)
1756092524.513873 sending message 112 to peer 0x138048000 (13 bytes)
1756092524.513878 sending message 112 to peer 0x138048000 (13 bytes)
1756092524.513882 sending message 112 to peer 0x138048000 (13 bytes)
1756092524.513886 sending message 112 to peer 0x138048000 (13 bytes)
1756092524.513890 sending message 112 to peer 0x138048000 (13 bytes)
1756092524.513894 sending message 112 to peer 0x138048000 (12 bytes)
1756092524.513899 sending message 112 to peer 0x138048000 (10 bytes)
1756092524.513903 sending message 112 to peer 0x138048000 (12 bytes)
1756092524.513907 sending message 112 to peer 0x138048000 (12 bytes)
1756092524.513911 sending message 112 to peer 0x138048000 (12 bytes)
1756092524.513915 sending message 112 to peer 0x138048000 (13 bytes)
1756092524.513919 sending message 112 to peer 0x138048000 (13 bytes)
1756092524.513924 sending message 112 to peer 0x138048000 (13 bytes)
1756092524.513928 sending message 112 to peer 0x138048000 (13 bytes)
1756092524.513932 sending message 112 to peer 0x138048000 (13 bytes)
1756092524.513936 sending message 112 to peer 0x138048000 (13 bytes)
1756092524.513940 sending message 112 to peer 0x138048000 (13 bytes)
1756092524.513944 sending message 112 to peer 0x138048000 (10 bytes)
1756092524.513949 sending message 112 to peer 0x138048000 (13 bytes)
1756092524.513953 sending message 112 to peer 0x138048000 (12 bytes)
1756092524.513957 sending message 112 to peer 0x138048000 (12 bytes)
1756092524.513961 sending message 112 to peer 0x138048000 (12 bytes)
1756092524.513965 sending message 112 to peer 0x138048000 (10 bytes)
1756092524.513969 sending message 112 to peer 0x138048000 (10 bytes)
1756092524.513974 sending message 112 to peer 0x138048000 (10 bytes)
1756092524.513978 sending message 112 to peer 0x138048000 (12 bytes)
1756092524.513981 sending message 112 to peer 0x138048000 (13 bytes)
1756092524.513985 sending message 112 to peer 0x138048000 (13 bytes)
1756092524.513989 sending message 112 to peer 0x138048000 (13 bytes)
1756092524.513993 sending message 112 to peer 0x138048000 (13 bytes)
1756092524.513997 sending message 112 to peer 0x138048000 (13 bytes)
1756092524.514001 sending message 112 to peer 0x138048000 (11 bytes)
1756092524.514005 sending message 112 to peer 0x138048000 (11 bytes)
1756092524.514009 sending message 112 to peer 0x138048000 (12 bytes)
1756092524.514013 sending message 112 to peer 0x138048000 (12 bytes)
1756092524.514017 sending message 112 to peer 0x138048000 (12 bytes)
1756092524.514021 sending message 112 to peer 0x138048000 (12 bytes)
1756092524.514025 sending message 112 to peer 0x138048000 (12 bytes)
1756092524.514030 sending message 112 to peer 0x138048000 (11 bytes)
1756092524.514034 sending message 112 to peer 0x138048000 (12 bytes)
1756092524.514038 sending message 112 to peer 0x138048000 (12 bytes)
1756092524.514042 sending message 112 to peer 0x138048000 (13 bytes)
1756092524.514047 sending message 112 to peer 0x138048000 (13 bytes)
1756092524.514051 sending message 112 to peer 0x138048000 (13 bytes)
1756092524.514056 sending message 112 to peer 0x138048000 (13 bytes)
1756092524.514060 sending message 112 to peer 0x138048000 (13 bytes)
1756092524.514064 sending message 112 to peer 0x138048000 (10 bytes)
1756092524.514068 sending message 112 to peer 0x138048000 (9 bytes)
1756092524.514073 sending message 112 to peer 0x138048000 (12 bytes)
1756092524.514077 sending message 112 to peer 0x138048000 (13 bytes)
1756092524.514081 sending message 112 to peer 0x138048000 (13 bytes)
1756092524.514085 sending message 112 to peer 0x138048000 (13 bytes)
1756092524.514089 sending message 112 to peer 0x138048000 (13 bytes)
1756092524.514093 sending message 112 to peer 0x138048000 (13 bytes)
1756092524.514097 sending message 112 to peer 0x138048000 (9 bytes)
1756092524.514101 sending message 112 to peer 0x138048000 (12 bytes)
1756092524.514105 sending message 112 to peer 0x138048000 (13 bytes)
1756092524.514109 sending message 112 to peer 0x138048000 (13 bytes)
1756092524.514113 sending message 112 to peer 0x138048000 (13 bytes)
1756092524.514117 sending message 112 to peer 0x138048000 (13 bytes)
1756092524.514128 sending message 112 to peer 0x138048000 (13 bytes)
1756092524.514133 sending message 112 to peer 0x138048000 (11 bytes)
1756092524.514137 sending message 112 to peer 0x138048000 (12 bytes)
1756092524.514141 sending message 112 to peer 0x138048000 (13 bytes)
1756092524.514145 sending message 112 to peer 0x138048000 (13 bytes)
1756092524.514149 sending message 112 to peer 0x138048000 (13 bytes)
1756092524.514153 sending message 112 to peer 0x138048000 (13 bytes)
1756092524.514157 sending message 112 to peer 0x138048000 (13 bytes)
1756092524.514161 sending message 112 to peer 0x138048000 (11 bytes)
1756092524.514165 sending message 112 to peer 0x138048000 (12 bytes)
1756092524.514169 sending message 112 to peer 0x138048000 (12 bytes)
1756092524.514173 sending message 112 to peer 0x138048000 (12 bytes)
1756092524.514177 sending message 112 to peer 0x138048000 (12 bytes)
1756092524.514181 sending message 112 to peer 0x138048000 (12 bytes)
1756092524.514185 sending message 112 to peer 0x138048000 (21 bytes)
1756092524.514190 sending message 112 to peer 0x138048000 (12 bytes)
1756092524.514194 sending message 112 to peer 0x138048000 (9 bytes)
1756092524.514198 sending message 112 to peer 0x138048000 (6 bytes)
1756092524.514202 sending message 112 to peer 0x138048000 (13 bytes)
1756092524.514206 sending message 112 to peer 0x138048000 (8 bytes)
1756092524.514210 sending message 112 to peer 0x138048000 (15 bytes)
1756092524.514214 sending message 112 to peer 0x138048000 (13 bytes)
1756092524.514218 sending message 112 to peer 0x138048000 (9 bytes)
1756092524.514222 sending message 112 to peer 0x138048000 (70 bytes)
1756092524.514226 sending message 112 to peer 0x138048000 (69 bytes)
1756092524.514230 sending message 112 to peer 0x138048000 (10 bytes)
1756092524.514234 sending message 112 to peer 0x138048000 (10 bytes)
1756092524.514239 sending message 112 to peer 0x138048000 (8 bytes)
1756092524.514243 sending message 112 to peer 0x138048000 (15 bytes)
1756092524.514247 sending message 112 to peer 0x138048000 (13 bytes)
1756092524.514251 sending message 112 to peer 0x138048000 (10 bytes)
1756092524.514255 sending message 112 to peer 0x138048000 (10 bytes)
1756092524.514259 sending message 112 to peer 0x138048000 (17 bytes)
1756092524.514263 sending message 112 to peer 0x138048000 (10 bytes)
1756092524.514267 sending message 112 to peer 0x138048000 (13 bytes)
1756092524.514271 sending message 112 to peer 0x138048000 (9 bytes)
1756092524.514275 sending message 112 to peer 0x138048000 (5 bytes)
1756092524.514279 sending message 112 to peer 0x138048000 (15 bytes)
1756092524.514286 sending message 104 to peer 0x138048000 (0 bytes)
1756092524.514292 sending message 110 to peer 0x138048000 (0 bytes)
1756092524.514297 sending message 107 to peer 0x138048000 (4 bytes)
1756092524.514301 sending message 105 to peer 0x138048000 (20 bytes)
1756092524.514305 sending message 105 to peer 0x138048000 (22 bytes)
1756092524.514310 sending message 105 to peer 0x138048000 (57 bytes)
1756092524.514314 sending message 105 to peer 0x138048000 (16 bytes)
1756092524.514318 sending message 105 to peer 0x138048000 (37 bytes)
1756092524.514322 sending message 105 to peer 0x138048000 (30 bytes)
1756092524.514326 sending message 105 to peer 0x138048000 (34 bytes)
1756092524.514330 sending message 105 to peer 0x138048000 (35 bytes)
1756092524.514334 sending message 105 to peer 0x138048000 (53 bytes)
1756092524.514338 sending message 105 to peer 0x138048000 (17 bytes)
1756092524.514342 sending message 105 to peer 0x138048000 (12 bytes)
1756092524.514346 sending message 105 to peer 0x138048000 (54 bytes)
1756092524.514350 sending message 105 to peer 0x138048000 (28 bytes)
1756092524.514354 sending message 105 to peer 0x138048000 (12 bytes)
1756092524.514359 sending message 105 to peer 0x138048000 (620 bytes)
1756092524.514364 sending message 105 to peer 0x138048000 (25 bytes)
1756092524.514369 sending message 105 to peer 0x138048000 (43 bytes)
1756092524.514373 sending message 105 to peer 0x138048000 (46 bytes)
1756092524.514387 sending message 105 to peer 0x138048000 (52 bytes)
1756092524.514393 sending message 105 to peer 0x138048000 (30 bytes)
1756092524.514397 sending message 105 to peer 0x138048000 (28 bytes)
1756092524.514401 sending message 105 to peer 0x138048000 (24 bytes)
1756092524.514405 sending message 105 to peer 0x138048000 (15 bytes)
1756092524.514409 sending message 105 to peer 0x138048000 (8 bytes)
1756092524.514413 sending message 105 to peer 0x138048000 (66 bytes)
1756092524.514417 sending message 105 to peer 0x138048000 (19 bytes)
1756092524.514421 sending message 105 to peer 0x138048000 (18 bytes)
1756092524.514425 sending message 105 to peer 0x138048000 (26 bytes)
1756092524.514429 sending message 105 to peer 0x138048000 (57 bytes)
1756092524.514433 sending message 105 to peer 0x138048000 (42 bytes)
1756092524.514438 sending message 105 to peer 0x138048000 (13 bytes)
1756092524.514442 sending message 105 to peer 0x138048000 (58 bytes)
1756092524.514446 sending message 105 to peer 0x138048000 (9 bytes)
1756092524.514450 sending message 105 to peer 0x138048000 (30 bytes)
1756092524.514454 sending message 105 to peer 0x138048000 (44 bytes)
1756092524.514458 sending message 105 to peer 0x138048000 (72 bytes)
1756092524.514462 sending message 105 to peer 0x138048000 (64 bytes)
1756092524.514474 sending message 105 to peer 0x138048000 (15 bytes)
1756092524.514480 sending message 105 to peer 0x138048000 (66 bytes)
1756092524.514484 sending message 105 to peer 0x138048000 (14 bytes)
1756092524.514489 sending message 105 to peer 0x138048000 (19 bytes)
1756092524.514493 sending message 105 to peer 0x138048000 (26 bytes)
1756092524.514497 sending message 105 to peer 0x138048000 (22 bytes)
1756092524.514501 sending message 105 to peer 0x138048000 (44 bytes)
1756092524.514505 sending message 105 to peer 0x138048000 (38 bytes)
1756092524.514509 sending message 105 to peer 0x138048000 (10 bytes)
1756092524.514514 sending message 105 to peer 0x138048000 (25 bytes)
1756092524.514519 sending message 106 to peer 0x138048000 (0 bytes)
1756092524.514635 sending message 200 to peer 0x138048000 (4 bytes)
1756092524.514658 client loop enter
1756092524.514853 peer 0x138048000 message 303
1756092524.514866 open write file 2 -
1756092524.514894 sending message 305 to peer 0x138048000 (8 bytes)
1756092524.514907 write check file 2
1756092524.514949 peer 0x138048000 message 304
1756092524.514956 write 58 to file 2
1756092524.514971 peer 0x138048000 message 203
1756092524.514978 file 2 58 bytes left
1756092524.514992 write check file 2
1756092524.514998 client loop exit
